info: GET en /mockingproducts at 1/11/2023 - 11:49:48
info: GET en /mockingproducts at 1/11/2023 - 11:49:48
debug: GET en /mockingproducts at 1/11/2023 - 11:52:30
info: GET en /loggerTest at 1/11/2023 - 12:09:17
info: GET en / at 1/11/2023 - 12:09:17
info: GET en /loggerTest at 1/11/2023 - 12:18:56
info: GET en /loggerTest at 1/11/2023 - 12:21:18
info: GET en / at 1/11/2023 - 12:21:18
info: GET en /loggerTest at 1/11/2023 - 12:22:49
info: GET en /loggerTest at 1/11/2023 - 12:24:31
info: GET en / at 1/11/2023 - 12:24:31
info: GET en /loggerTest at 1/11/2023 - 12:25:53
info: GET en / at 1/11/2023 - 12:25:53
info: GET en /loggerTest at 1/11/2023 - 12:28:02
info: GET en /loggerTest at 1/11/2023 - 12:29:20
info: GET en / at 1/11/2023 - 12:29:20
info: GET en /loggerTest at 1/11/2023 - 12:29:21
info: GET en / at 1/11/2023 - 12:29:21
info: GET en / at 1/11/2023 - 12:33:03
debug: GET en / at 1/11/2023 - 12:33:30
debug: GET en / at 1/11/2023 - 12:34:45
debug: GET en / at 1/11/2023 - 12:53:32
info: GET en / at 1/11/2023 - 12:54:10
